Started GET "/" for ::1 at 2016-08-10 15:59:30 -0700
Processing by HelloPageController#hello as HTML
  Rendering hello_page/hello.html.erb within layouts/application
  Rendered hello_page/hello.html.erb within layouts/application (231.1ms)
Completed 200 OK in 318ms (Views: 306.3ms | ActiveRecord: 0.0ms)


Started GET "/application.js" for ::1 at 2016-08-10 15:59:31 -0700
  
ActionController::RoutingError (No route matches [GET] "/application.js"):
  
actionpack (5.0.0) lib/action_dispatch/middleware/debug_exceptions.rb:53:in `call'
web-console (3.3.1) lib/web_console/middleware.rb:131:in `call_app'
web-console (3.3.1) lib/web_console/middleware.rb:28:in `block in call'
web-console (3.3.1) lib/web_console/middleware.rb:18:in `catch'
web-console (3.3.1) lib/web_console/middleware.rb:18:in `call'
actionpack (5.0.0) lib/action_dispatch/middleware/show_exceptions.rb:31:in `call'
railties (5.0.0) lib/rails/rack/logger.rb:36:in `call_app'
railties (5.0.0) lib/rails/rack/logger.rb:24:in `block in call'
activesupport (5.0.0) lib/active_support/tagged_logging.rb:70:in `block in tagged'
activesupport (5.0.0) lib/active_support/tagged_logging.rb:26:in `tagged'
activesupport (5.0.0) lib/active_support/tagged_logging.rb:70:in `tagged'
railties (5.0.0) lib/rails/rack/logger.rb:24:in `call'
sprockets-rails (3.1.1) lib/sprockets/rails/quiet_assets.rb:13:in `call'
actionpack (5.0.0) lib/action_dispatch/middleware/request_id.rb:24:in `call'
rack (2.0.1) lib/rack/method_override.rb:22:in `call'
rack (2.0.1) lib/rack/runtime.rb:22:in `call'
activesupport (5.0.0) lib/active_support/cache/strategy/local_cache_middleware.rb:28:in `call'
actionpack (5.0.0) lib/action_dispatch/middleware/executor.rb:12:in `call'
actionpack (5.0.0) lib/action_dispatch/middleware/static.rb:136:in `call'
rack (2.0.1) lib/rack/sendfile.rb:111:in `call'
railties (5.0.0) lib/rails/engine.rb:522:in `call'
puma (3.0.0) lib/puma/configuration.rb:221:in `call'
puma (3.0.0) lib/puma/server.rb:723:in `handle_request'
puma (3.0.0) lib/puma/server.rb:406:in `process_client'
puma (3.0.0) lib/puma/server.rb:271:in `block in run'
puma (3.0.0) lib/puma/thread_pool.rb:111:in `block in spawn_thread'
  Rendering /Users/sanmukhl/.rvm/gems/ruby-2.3.0@global/gems/actionpack-5.0.0/lib/action_dispatch/middleware/templates/rescues/routing_error.html.erb within rescues/layout
  Rendering /Users/sanmukhl/.rvm/gems/ruby-2.3.0@global/gems/actionpack-5.0.0/lib/action_dispatch/middleware/templates/rescues/_trace.html.erb
  Rendered /Users/sanmukhl/.rvm/gems/ruby-2.3.0@global/gems/actionpack-5.0.0/lib/action_dispatch/middleware/templates/rescues/_trace.html.erb (1.0ms)
  Rendered collection of /Users/sanmukhl/.rvm/gems/ruby-2.3.0@global/gems/actionpack-5.0.0/lib/action_dispatch/middleware/templates/routes/_route.html.erb [2 times] (10.6ms)
  Rendered /Users/sanmukhl/.rvm/gems/ruby-2.3.0@global/gems/actionpack-5.0.0/lib/action_dispatch/middleware/templates/routes/_table.html.erb (16.4ms)
  Rendering /Users/sanmukhl/.rvm/gems/ruby-2.3.0@global/gems/actionpack-5.0.0/lib/action_dispatch/middleware/templates/rescues/_request_and_response.html.erb
  Rendered /Users/sanmukhl/.rvm/gems/ruby-2.3.0@global/gems/actionpack-5.0.0/lib/action_dispatch/middleware/templates/rescues/_request_and_response.html.erb (1.0ms)
  Rendered /Users/sanmukhl/.rvm/gems/ruby-2.3.0@global/gems/actionpack-5.0.0/lib/action_dispatch/middleware/templates/rescues/routing_error.html.erb within rescues/layout (131.1ms)
Started GET "/" for ::1 at 2016-08-10 15:59:50 -0700
Processing by HelloPageController#hello as HTML
  Rendering hello_page/hello.html.erb within layouts/application
  Rendered hello_page/hello.html.erb within layouts/application (231.3ms)
Completed 200 OK in 300ms (Views: 288.6ms | ActiveRecord: 0.0ms)


Started GET "/application.js" for ::1 at 2016-08-10 15:59:51 -0700
  
ActionController::RoutingError (No route matches [GET] "/application.js"):
  
actionpack (5.0.0) lib/action_dispatch/middleware/debug_exceptions.rb:53:in `call'
web-console (3.3.1) lib/web_console/middleware.rb:131:in `call_app'
web-console (3.3.1) lib/web_console/middleware.rb:28:in `block in call'
web-console (3.3.1) lib/web_console/middleware.rb:18:in `catch'
web-console (3.3.1) lib/web_console/middleware.rb:18:in `call'
actionpack (5.0.0) lib/action_dispatch/middleware/show_exceptions.rb:31:in `call'
railties (5.0.0) lib/rails/rack/logger.rb:36:in `call_app'
railties (5.0.0) lib/rails/rack/logger.rb:24:in `block in call'
activesupport (5.0.0) lib/active_support/tagged_logging.rb:70:in `block in tagged'
activesupport (5.0.0) lib/active_support/tagged_logging.rb:26:in `tagged'
activesupport (5.0.0) lib/active_support/tagged_logging.rb:70:in `tagged'
railties (5.0.0) lib/rails/rack/logger.rb:24:in `call'
sprockets-rails (3.1.1) lib/sprockets/rails/quiet_assets.rb:13:in `call'
actionpack (5.0.0) lib/action_dispatch/middleware/request_id.rb:24:in `call'
rack (2.0.1) lib/rack/method_override.rb:22:in `call'
rack (2.0.1) lib/rack/runtime.rb:22:in `call'
activesupport (5.0.0) lib/active_support/cache/strategy/local_cache_middleware.rb:28:in `call'
actionpack (5.0.0) lib/action_dispatch/middleware/executor.rb:12:in `call'
actionpack (5.0.0) lib/action_dispatch/middleware/static.rb:136:in `call'
rack (2.0.1) lib/rack/sendfile.rb:111:in `call'
railties (5.0.0) lib/rails/engine.rb:522:in `call'
puma (3.0.0) lib/puma/configuration.rb:221:in `call'
puma (3.0.0) lib/puma/server.rb:723:in `handle_request'
puma (3.0.0) lib/puma/server.rb:406:in `process_client'
puma (3.0.0) lib/puma/server.rb:271:in `block in run'
puma (3.0.0) lib/puma/thread_pool.rb:111:in `block in spawn_thread'
  Rendering /Users/sanmukhl/.rvm/gems/ruby-2.3.0@global/gems/actionpack-5.0.0/lib/action_dispatch/middleware/templates/rescues/routing_error.html.erb within rescues/layout
  Rendering /Users/sanmukhl/.rvm/gems/ruby-2.3.0@global/gems/actionpack-5.0.0/lib/action_dispatch/middleware/templates/rescues/_trace.html.erb
  Rendered /Users/sanmukhl/.rvm/gems/ruby-2.3.0@global/gems/actionpack-5.0.0/lib/action_dispatch/middleware/templates/rescues/_trace.html.erb (2.1ms)
  Rendered collection of /Users/sanmukhl/.rvm/gems/ruby-2.3.0@global/gems/actionpack-5.0.0/lib/action_dispatch/middleware/templates/routes/_route.html.erb [2 times] (1.7ms)
  Rendered /Users/sanmukhl/.rvm/gems/ruby-2.3.0@global/gems/actionpack-5.0.0/lib/action_dispatch/middleware/templates/routes/_table.html.erb (15.2ms)
  Rendering /Users/sanmukhl/.rvm/gems/ruby-2.3.0@global/gems/actionpack-5.0.0/lib/action_dispatch/middleware/templates/rescues/_request_and_response.html.erb
  Rendered /Users/sanmukhl/.rvm/gems/ruby-2.3.0@global/gems/actionpack-5.0.0/lib/action_dispatch/middleware/templates/rescues/_request_and_response.html.erb (2.4ms)
  Rendered /Users/sanmukhl/.rvm/gems/ruby-2.3.0@global/gems/actionpack-5.0.0/lib/action_dispatch/middleware/templates/rescues/routing_error.html.erb within rescues/layout (141.2ms)
Started GET "/" for ::1 at 2016-08-10 16:00:05 -0700
Processing by HelloPageController#hello as HTML
  Rendering hello_page/hello.html.erb within layouts/application
  Rendered hello_page/hello.html.erb within layouts/application (1.8ms)
Completed 200 OK in 44ms (Views: 40.0ms | ActiveRecord: 0.0ms)


Started GET "/application.js" for ::1 at 2016-08-10 16:00:05 -0700
  
ActionController::RoutingError (No route matches [GET] "/application.js"):
  
actionpack (5.0.0) lib/action_dispatch/middleware/debug_exceptions.rb:53:in `call'
web-console (3.3.1) lib/web_console/middleware.rb:131:in `call_app'
web-console (3.3.1) lib/web_console/middleware.rb:28:in `block in call'
web-console (3.3.1) lib/web_console/middleware.rb:18:in `catch'
web-console (3.3.1) lib/web_console/middleware.rb:18:in `call'
actionpack (5.0.0) lib/action_dispatch/middleware/show_exceptions.rb:31:in `call'
railties (5.0.0) lib/rails/rack/logger.rb:36:in `call_app'
railties (5.0.0) lib/rails/rack/logger.rb:24:in `block in call'
activesupport (5.0.0) lib/active_support/tagged_logging.rb:70:in `block in tagged'
activesupport (5.0.0) lib/active_support/tagged_logging.rb:26:in `tagged'
activesupport (5.0.0) lib/active_support/tagged_logging.rb:70:in `tagged'
railties (5.0.0) lib/rails/rack/logger.rb:24:in `call'
sprockets-rails (3.1.1) lib/sprockets/rails/quiet_assets.rb:13:in `call'
actionpack (5.0.0) lib/action_dispatch/middleware/request_id.rb:24:in `call'
rack (2.0.1) lib/rack/method_override.rb:22:in `call'
rack (2.0.1) lib/rack/runtime.rb:22:in `call'
activesupport (5.0.0) lib/active_support/cache/strategy/local_cache_middleware.rb:28:in `call'
actionpack (5.0.0) lib/action_dispatch/middleware/executor.rb:12:in `call'
actionpack (5.0.0) lib/action_dispatch/middleware/static.rb:136:in `call'
rack (2.0.1) lib/rack/sendfile.rb:111:in `call'
railties (5.0.0) lib/rails/engine.rb:522:in `call'
puma (3.0.0) lib/puma/configuration.rb:221:in `call'
puma (3.0.0) lib/puma/server.rb:723:in `handle_request'
puma (3.0.0) lib/puma/server.rb:406:in `process_client'
puma (3.0.0) lib/puma/server.rb:271:in `block in run'
puma (3.0.0) lib/puma/thread_pool.rb:111:in `block in spawn_thread'
  Rendering /Users/sanmukhl/.rvm/gems/ruby-2.3.0@global/gems/actionpack-5.0.0/lib/action_dispatch/middleware/templates/rescues/routing_error.html.erb within rescues/layout
  Rendering /Users/sanmukhl/.rvm/gems/ruby-2.3.0@global/gems/actionpack-5.0.0/lib/action_dispatch/middleware/templates/rescues/_trace.html.erb
  Rendered /Users/sanmukhl/.rvm/gems/ruby-2.3.0@global/gems/actionpack-5.0.0/lib/action_dispatch/middleware/templates/rescues/_trace.html.erb (43.1ms)
  Rendered collection of /Users/sanmukhl/.rvm/gems/ruby-2.3.0@global/gems/actionpack-5.0.0/lib/action_dispatch/middleware/templates/routes/_route.html.erb [2 times] (3.4ms)
  Rendered /Users/sanmukhl/.rvm/gems/ruby-2.3.0@global/gems/actionpack-5.0.0/lib/action_dispatch/middleware/templates/routes/_table.html.erb (1.1ms)
  Rendering /Users/sanmukhl/.rvm/gems/ruby-2.3.0@global/gems/actionpack-5.0.0/lib/action_dispatch/middleware/templates/rescues/_request_and_response.html.erb
  Rendered /Users/sanmukhl/.rvm/gems/ruby-2.3.0@global/gems/actionpack-5.0.0/lib/action_dispatch/middleware/templates/rescues/_request_and_response.html.erb (2.6ms)
  Rendered /Users/sanmukhl/.rvm/gems/ruby-2.3.0@global/gems/actionpack-5.0.0/lib/action_dispatch/middleware/templates/rescues/routing_error.html.erb within rescues/layout (186.6ms)
Started GET "/" for 133.218.78.233 at 2018-09-06 04:40:12 +0000
Cannot render console from 133.218.78.233! Allowed networks: 127.0.0.1, ::1, 127.0.0.0/127.255.255.255
DEPRECATION WARNING: Leaving `ActiveRecord::ConnectionAdapters::SQLite3Adapter.represent_boolean_as_integer`
set to false is deprecated. SQLite databases have used 't' and 'f' to serialize
boolean values and must have old data converted to 1 and 0 (its native boolean
serialization) before setting this flag to true. Conversion can be accomplished
by setting up a rake task which runs

  ExampleModel.where("boolean_column = 't'").update_all(boolean_column: 1)
  ExampleModel.where("boolean_column = 'f'").update_all(boolean_column: 0)

for all models and all boolean columns, after which the flag must be set to
true by adding the following to your application.rb file:

  Rails.application.config.active_record.sqlite3.represent_boolean_as_integer = true
 (called from call at /usr/local/rvm/gems/ruby-2.4.1@global/gems/sprockets-rails-3.2.1/lib/sprockets/rails/quiet_assets.rb:13)
Processing by HelloPageController#hello as HTML
  Rendering hello_page/hello.html.erb within layouts/application
  Rendered hello_page/hello.html.erb within layouts/application (400.0ms)
Completed 200 OK in 487ms (Views: 481.5ms | ActiveRecord: 0.0ms)


Started GET "/" for 133.218.78.233 at 2018-09-06 04:40:18 +0000
Cannot render console from 133.218.78.233! Allowed networks: 127.0.0.1, ::1, 127.0.0.0/127.255.255.255
Processing by HelloPageController#hello as HTML
  Rendering hello_page/hello.html.erb within layouts/application
  Rendered hello_page/hello.html.erb within layouts/application (2.1ms)
Completed 200 OK in 26ms (Views: 24.6ms | ActiveRecord: 0.0ms)


Started GET "/" for 133.218.78.233 at 2018-09-06 04:40:24 +0000
Cannot render console from 133.218.78.233! Allowed networks: 127.0.0.1, ::1, 127.0.0.0/127.255.255.255
Processing by HelloPageController#hello as HTML
  Rendering hello_page/hello.html.erb within layouts/application
  Rendered hello_page/hello.html.erb within layouts/application (2.0ms)
Completed 200 OK in 15ms (Views: 14.1ms | ActiveRecord: 0.0ms)


Started GET "/" for 133.218.78.233 at 2018-09-06 04:40:24 +0000
Cannot render console from 133.218.78.233! Allowed networks: 127.0.0.1, ::1, 127.0.0.0/127.255.255.255
Processing by HelloPageController#hello as HTML
  Rendering hello_page/hello.html.erb within layouts/application
  Rendered hello_page/hello.html.erb within layouts/application (1.8ms)
Completed 200 OK in 15ms (Views: 14.1ms | ActiveRecord: 0.0ms)


Started GET "/" for 133.218.78.233 at 2018-09-06 04:40:27 +0000
Cannot render console from 133.218.78.233! Allowed networks: 127.0.0.1, ::1, 127.0.0.0/127.255.255.255
Processing by HelloPageController#hello as HTML
  Rendering hello_page/hello.html.erb within layouts/application
  Rendered hello_page/hello.html.erb within layouts/application (1.4ms)
Completed 200 OK in 16ms (Views: 15.0ms | ActiveRecord: 0.0ms)


Started GET "/application.js" for 133.218.78.233 at 2018-09-06 04:41:14 +0000
Cannot render console from 133.218.78.233! Allowed networks: 127.0.0.1, ::1, 127.0.0.0/127.255.255.255
  
ActionController::RoutingError (No route matches [GET] "/application.js"):
  
actionpack (5.2.0) lib/action_dispatch/middleware/debug_exceptions.rb:65:in `call'
web-console (3.6.2) lib/web_console/middleware.rb:135:in `call_app'
web-console (3.6.2) lib/web_console/middleware.rb:22:in `block in call'
web-console (3.6.2) lib/web_console/middleware.rb:20:in `catch'
web-console (3.6.2) lib/web_console/middleware.rb:20:in `call'
actionpack (5.2.0) lib/action_dispatch/middleware/show_exceptions.rb:33:in `call'
railties (5.2.0) lib/rails/rack/logger.rb:38:in `call_app'
railties (5.2.0) lib/rails/rack/logger.rb:26:in `block in call'
activesupport (5.2.0) lib/active_support/tagged_logging.rb:71:in `block in tagged'
activesupport (5.2.0) lib/active_support/tagged_logging.rb:28:in `tagged'
activesupport (5.2.0) lib/active_support/tagged_logging.rb:71:in `tagged'
railties (5.2.0) lib/rails/rack/logger.rb:26:in `call'
sprockets-rails (3.2.1) lib/sprockets/rails/quiet_assets.rb:13:in `call'
actionpack (5.2.0) lib/action_dispatch/middleware/remote_ip.rb:81:in `call'
actionpack (5.2.0) lib/action_dispatch/middleware/request_id.rb:27:in `call'
rack (2.0.5) lib/rack/method_override.rb:22:in `call'
rack (2.0.5) lib/rack/runtime.rb:22:in `call'
activesupport (5.2.0) lib/active_support/cache/strategy/local_cache_middleware.rb:29:in `call'
actionpack (5.2.0) lib/action_dispatch/middleware/executor.rb:14:in `call'
actionpack (5.2.0) lib/action_dispatch/middleware/static.rb:127:in `call'
rack (2.0.5) lib/rack/sendfile.rb:111:in `call'
railties (5.2.0) lib/rails/engine.rb:524:in `call'
puma (3.7.0) lib/puma/configuration.rb:226:in `call'
puma (3.7.0) lib/puma/server.rb:578:in `handle_request'
puma (3.7.0) lib/puma/server.rb:415:in `process_client'
puma (3.7.0) lib/puma/server.rb:275:in `block in run'
puma (3.7.0) lib/puma/thread_pool.rb:120:in `block in spawn_thread'
Started GET "/application.js" for 133.218.78.233 at 2018-09-06 04:41:16 +0000
Cannot render console from 133.218.78.233! Allowed networks: 127.0.0.1, ::1, 127.0.0.0/127.255.255.255
  
ActionController::RoutingError (No route matches [GET] "/application.js"):
  
actionpack (5.2.0) lib/action_dispatch/middleware/debug_exceptions.rb:65:in `call'
web-console (3.6.2) lib/web_console/middleware.rb:135:in `call_app'
web-console (3.6.2) lib/web_console/middleware.rb:22:in `block in call'
web-console (3.6.2) lib/web_console/middleware.rb:20:in `catch'
web-console (3.6.2) lib/web_console/middleware.rb:20:in `call'
actionpack (5.2.0) lib/action_dispatch/middleware/show_exceptions.rb:33:in `call'
railties (5.2.0) lib/rails/rack/logger.rb:38:in `call_app'
railties (5.2.0) lib/rails/rack/logger.rb:26:in `block in call'
activesupport (5.2.0) lib/active_support/tagged_logging.rb:71:in `block in tagged'
activesupport (5.2.0) lib/active_support/tagged_logging.rb:28:in `tagged'
activesupport (5.2.0) lib/active_support/tagged_logging.rb:71:in `tagged'
railties (5.2.0) lib/rails/rack/logger.rb:26:in `call'
sprockets-rails (3.2.1) lib/sprockets/rails/quiet_assets.rb:13:in `call'
actionpack (5.2.0) lib/action_dispatch/middleware/remote_ip.rb:81:in `call'
actionpack (5.2.0) lib/action_dispatch/middleware/request_id.rb:27:in `call'
rack (2.0.5) lib/rack/method_override.rb:22:in `call'
rack (2.0.5) lib/rack/runtime.rb:22:in `call'
activesupport (5.2.0) lib/active_support/cache/strategy/local_cache_middleware.rb:29:in `call'
actionpack (5.2.0) lib/action_dispatch/middleware/executor.rb:14:in `call'
actionpack (5.2.0) lib/action_dispatch/middleware/static.rb:127:in `call'
rack (2.0.5) lib/rack/sendfile.rb:111:in `call'
railties (5.2.0) lib/rails/engine.rb:524:in `call'
puma (3.7.0) lib/puma/configuration.rb:226:in `call'
puma (3.7.0) lib/puma/server.rb:578:in `handle_request'
puma (3.7.0) lib/puma/server.rb:415:in `process_client'
puma (3.7.0) lib/puma/server.rb:275:in `block in run'
puma (3.7.0) lib/puma/thread_pool.rb:120:in `block in spawn_thread'
DEPRECATION WARNING: Leaving `ActiveRecord::ConnectionAdapters::SQLite3Adapter.represent_boolean_as_integer`
set to false is deprecated. SQLite databases have used 't' and 'f' to serialize
boolean values and must have old data converted to 1 and 0 (its native boolean
serialization) before setting this flag to true. Conversion can be accomplished
by setting up a rake task which runs

  ExampleModel.where("boolean_column = 't'").update_all(boolean_column: 1)
  ExampleModel.where("boolean_column = 'f'").update_all(boolean_column: 0)

for all models and all boolean columns, after which the flag must be set to
true by adding the following to your application.rb file:

  Rails.application.config.active_record.sqlite3.represent_boolean_as_integer = true
 (called from run at /usr/local/rvm/gems/ruby-2.4.1@global/gems/thor-0.20.0/lib/thor/command.rb:27)
DEPRECATION WARNING: Leaving `ActiveRecord::ConnectionAdapters::SQLite3Adapter.represent_boolean_as_integer`
set to false is deprecated. SQLite databases have used 't' and 'f' to serialize
boolean values and must have old data converted to 1 and 0 (its native boolean
serialization) before setting this flag to true. Conversion can be accomplished
by setting up a rake task which runs

  ExampleModel.where("boolean_column = 't'").update_all(boolean_column: 1)
  ExampleModel.where("boolean_column = 'f'").update_all(boolean_column: 0)

for all models and all boolean columns, after which the flag must be set to
true by adding the following to your application.rb file:

  Rails.application.config.active_record.sqlite3.represent_boolean_as_integer = true
 (called from <top (required)> at /home/ec2-user/environment/devise-sample/app/models/application_record.rb:1)
  [1m[35m (0.1ms)[0m  [1m[34mSELECT sqlite_version(*)[0m
  [1m[35m (3.9ms)[0m  [1m[35mCREATE TABLE "schema_migrations" ("version" varchar NOT NULL PRIMARY KEY)[0m
  [1m[35m (3.9ms)[0m  [1m[35mCREATE TABLE "ar_internal_metadata" ("key" varchar NOT NULL PRIMARY KEY, "value" varchar, "created_at" datetime NOT NULL, "updated_at" datetime NOT NULL)[0m
  [1m[35m (0.1ms)[0m  [1m[34mSELECT "schema_migrations"."version" FROM "schema_migrations" ORDER BY "schema_migrations"."version" ASC[0m
Migrating to DeviseCreateUsers (20180906045746)
  [1m[35m (0.0ms)[0m  [1m[36mbegin transaction[0m
  [1m[35m (0.3ms)[0m  [1m[35mCREATE TABLE "users" ("id" integer PRIMARY KEY AUTOINCREMENT NOT NULL, "email" varchar DEFAULT '' NOT NULL, "encrypted_password" varchar DEFAULT '' NOT NULL, "reset_password_token" varchar, "reset_password_sent_at" datetime, "remember_created_at" datetime, "created_at" datetime NOT NULL, "updated_at" datetime NOT NULL)[0m
  [1m[35m (0.2ms)[0m  [1m[35mCREATE UNIQUE INDEX "index_users_on_email" ON "users" ("email")[0m
  [1m[35m (0.1ms)[0m  [1m[35mCREATE UNIQUE INDEX "index_users_on_reset_password_token" ON "users" ("reset_password_token")[0m
  [1m[36mActiveRecord::SchemaMigration Create (0.1ms)[0m  [1m[32mINSERT INTO "schema_migrations" ("version") VALUES (?)[0m  [["version", "20180906045746"]]
  [1m[35m (8.2ms)[0m  [1m[36mcommit transaction[0m
  [1m[36mActiveRecord::InternalMetadata Load (0.1ms)[0m  [1m[34mSELECT  "ar_internal_metadata".* FROM "ar_internal_metadata" WHERE "ar_internal_metadata"."key" = ? LIMIT ?[0m  [["key", "environment"], ["LIMIT", 1]]
  [1m[35m (0.0ms)[0m  [1m[36mbegin transaction[0m
  [1m[36mActiveRecord::InternalMetadata Create (0.2ms)[0m  [1m[32mINSERT INTO "ar_internal_metadata" ("key", "value", "created_at", "updated_at") VALUES (?, ?, ?, ?)[0m  [["key", "environment"], ["value", "development"], ["created_at", "2018-09-06 04:58:03.610858"], ["updated_at", "2018-09-06 04:58:03.610858"]]
  [1m[35m (3.8ms)[0m  [1m[36mcommit transaction[0m
  [1m[35m (0.1ms)[0m  [1m[34mSELECT "schema_migrations"."version" FROM "schema_migrations" ORDER BY "schema_migrations"."version" ASC[0m
DEPRECATION WARNING: Leaving `ActiveRecord::ConnectionAdapters::SQLite3Adapter.represent_boolean_as_integer`
set to false is deprecated. SQLite databases have used 't' and 'f' to serialize
boolean values and must have old data converted to 1 and 0 (its native boolean
serialization) before setting this flag to true. Conversion can be accomplished
by setting up a rake task which runs

  ExampleModel.where("boolean_column = 't'").update_all(boolean_column: 1)
  ExampleModel.where("boolean_column = 'f'").update_all(boolean_column: 0)

for all models and all boolean columns, after which the flag must be set to
true by adding the following to your application.rb file:

  Rails.application.config.active_record.sqlite3.represent_boolean_as_integer = true
 (called from <top (required)> at /home/ec2-user/environment/devise-sample/app/models/application_record.rb:1)
DEPRECATION WARNING: Leaving `ActiveRecord::ConnectionAdapters::SQLite3Adapter.represent_boolean_as_integer`
set to false is deprecated. SQLite databases have used 't' and 'f' to serialize
boolean values and must have old data converted to 1 and 0 (its native boolean
serialization) before setting this flag to true. Conversion can be accomplished
by setting up a rake task which runs

  ExampleModel.where("boolean_column = 't'").update_all(boolean_column: 1)
  ExampleModel.where("boolean_column = 'f'").update_all(boolean_column: 0)

for all models and all boolean columns, after which the flag must be set to
true by adding the following to your application.rb file:

  Rails.application.config.active_record.sqlite3.represent_boolean_as_integer = true
 (called from <top (required)> at /home/ec2-user/environment/devise-sample/app/models/application_record.rb:1)
DEPRECATION WARNING: Leaving `ActiveRecord::ConnectionAdapters::SQLite3Adapter.represent_boolean_as_integer`
set to false is deprecated. SQLite databases have used 't' and 'f' to serialize
boolean values and must have old data converted to 1 and 0 (its native boolean
serialization) before setting this flag to true. Conversion can be accomplished
by setting up a rake task which runs

  ExampleModel.where("boolean_column = 't'").update_all(boolean_column: 1)
  ExampleModel.where("boolean_column = 'f'").update_all(boolean_column: 0)

for all models and all boolean columns, after which the flag must be set to
true by adding the following to your application.rb file:

  Rails.application.config.active_record.sqlite3.represent_boolean_as_integer = true
 (called from <top (required)> at /home/ec2-user/environment/devise-sample/app/models/application_record.rb:1)
  [1m[35m (0.1ms)[0m  [1m[34mSELECT "schema_migrations"."version" FROM "schema_migrations" ORDER BY "schema_migrations"."version" ASC[0m
Migrating to CreateBooks (20180906050252)
  [1m[35m (0.0ms)[0m  [1m[36mbegin transaction[0m
  [1m[35m (0.1ms)[0m  [1m[34mSELECT sqlite_version(*)[0m
  [1m[35m (0.3ms)[0m  [1m[35mCREATE TABLE "books" ("id" integer PRIMARY KEY AUTOINCREMENT NOT NULL, "title" varchar, "author" varchar, "created_at" datetime NOT NULL, "updated_at" datetime NOT NULL)[0m
  [1m[36mActiveRecord::SchemaMigration Create (0.1ms)[0m  [1m[32mINSERT INTO "schema_migrations" ("version") VALUES (?)[0m  [["version", "20180906050252"]]
  [1m[35m (3.9ms)[0m  [1m[36mcommit transaction[0m
  [1m[36mActiveRecord::InternalMetadata Load (0.2ms)[0m  [1m[34mSELECT  "ar_internal_metadata".* FROM "ar_internal_metadata" WHERE "ar_internal_metadata"."key" = ? LIMIT ?[0m  [["key", "environment"], ["LIMIT", 1]]
  [1m[35m (0.0ms)[0m  [1m[36mbegin transaction[0m
  [1m[35m (0.0ms)[0m  [1m[36mcommit transaction[0m
  [1m[35m (0.1ms)[0m  [1m[34mSELECT "schema_migrations"."version" FROM "schema_migrations" ORDER BY "schema_migrations"."version" ASC[0m
DEPRECATION WARNING: Leaving `ActiveRecord::ConnectionAdapters::SQLite3Adapter.represent_boolean_as_integer`
set to false is deprecated. SQLite databases have used 't' and 'f' to serialize
boolean values and must have old data converted to 1 and 0 (its native boolean
serialization) before setting this flag to true. Conversion can be accomplished
by setting up a rake task which runs

  ExampleModel.where("boolean_column = 't'").update_all(boolean_column: 1)
  ExampleModel.where("boolean_column = 'f'").update_all(boolean_column: 0)

for all models and all boolean columns, after which the flag must be set to
true by adding the following to your application.rb file:

  Rails.application.config.active_record.sqlite3.represent_boolean_as_integer = true
 (called from <top (required)> at /home/ec2-user/environment/devise-sample/app/models/application_record.rb:1)
Started GET "/" for 133.218.78.233 at 2018-09-06 05:04:40 +0000
Cannot render console from 133.218.78.233! Allowed networks: 127.0.0.1, ::1, 127.0.0.0/127.255.255.255
  [1m[35m (0.1ms)[0m  [1m[34mSELECT "schema_migrations"."version" FROM "schema_migrations" ORDER BY "schema_migrations"."version" ASC[0m
  
SyntaxError (/home/ec2-user/environment/devise-sample/app/controllers/application_controller.rb:15: syntax error, unexpected end-of-input, expecting keyword_end):
  
app/controllers/application_controller.rb:15: syntax error, unexpected end-of-input, expecting keyword_end
app/controllers/books_controller.rb:1:in `<top (required)>'
Started GET "/" for 133.218.78.233 at 2018-09-06 05:04:59 +0000
Cannot render console from 133.218.78.233! Allowed networks: 127.0.0.1, ::1, 127.0.0.0/127.255.255.255
  
SyntaxError (/home/ec2-user/environment/devise-sample/app/controllers/application_controller.rb:15: syntax error, unexpected end-of-input, expecting keyword_end):
  
app/controllers/application_controller.rb:15: syntax error, unexpected end-of-input, expecting keyword_end
app/controllers/books_controller.rb:1:in `<top (required)>'
Started GET "/" for 133.218.78.233 at 2018-09-06 05:06:28 +0000
Cannot render console from 133.218.78.233! Allowed networks: 127.0.0.1, ::1, 127.0.0.0/127.255.255.255
Processing by BooksController#index as HTML
Completed 401 Unauthorized in 6ms (ActiveRecord: 0.0ms)


Started GET "/users/sign_in" for 133.218.78.233 at 2018-09-06 05:06:28 +0000
Cannot render console from 133.218.78.233! Allowed networks: 127.0.0.1, ::1, 127.0.0.0/127.255.255.255
Processing by Devise::SessionsController#new as HTML
  Rendering devise/sessions/new.html.erb within layouts/application
  Rendered devise/shared/_links.html.erb (1.3ms)
  Rendered devise/sessions/new.html.erb within layouts/application (11.9ms)
Completed 500 Internal Server Error in 1864ms (ActiveRecord: 0.7ms)


  
ActionView::Template::Error (File to import not found or unreadable: devise_bootstrap_views.
Load paths:
  /home/ec2-user/environment/devise-sample/app/assets/config
  /home/ec2-user/environment/devise-sample/app/assets/images
  /home/ec2-user/environment/devise-sample/app/assets/javascripts
  /home/ec2-user/environment/devise-sample/app/assets/stylesheets
  /home/ec2-user/environment/devise-sample/vendor/assets/javascripts
  /home/ec2-user/environment/devise-sample/vendor/assets/stylesheets
  /usr/local/rvm/gems/ruby-2.4.1/gems/jquery-rails-4.3.3/vendor/assets/javascripts
  /usr/local/rvm/gems/ruby-2.4.1/gems/coffee-rails-4.2.2/lib/assets/javascripts
  /usr/local/rvm/gems/ruby-2.4.1/gems/actioncable-5.2.0/lib/assets/compiled
  /usr/local/rvm/gems/ruby-2.4.1/gems/activestorage-5.2.0/app/assets/javascripts
  /usr/local/rvm/gems/ruby-2.4.1/gems/actionview-5.2.0/lib/assets/compiled
  /usr/local/rvm/gems/ruby-2.4.1/gems/turbolinks-source-5.2.0/lib/assets/javascripts
  /usr/local/rvm/gems/ruby-2.4.1/gems/bootstrap-sass-3.3.7/assets/stylesheets
  /usr/local/rvm/gems/ruby-2.4.1/gems/bootstrap-sass-3.3.7/assets/javascripts
  /usr/local/rvm/gems/ruby-2.4.1/gems/bootstrap-sass-3.3.7/assets/fonts
  /usr/local/rvm/gems/ruby-2.4.1/gems/bootstrap-sass-3.3.7/assets/images
  /usr/local/rvm/gems/ruby-2.4.1/gems/bootstrap-sass-3.3.7/assets/stylesheets):
    4:     <title>RailsWebApp</title>
    5:     <%= csrf_meta_tags %>
    6: 
    7:     <%= stylesheet_link_tag    'application', media: 'all', 'data-turbolinks-track': 'reload' %>
    8:     <%= javascript_include_tag 'application', 'data-turbolinks-track': 'reload' %>
    9:   </head>
   10: 
  
app/assets/stylesheets/application.scss:19
app/views/layouts/application.html.erb:7:in `_app_views_layouts_application_html_erb__1996354930866520220_70042461812840'
Started GET "/" for 133.218.78.233 at 2018-09-06 05:07:27 +0000
Cannot render console from 133.218.78.233! Allowed networks: 127.0.0.1, ::1, 127.0.0.0/127.255.255.255
Processing by BooksController#index as HTML
Completed 401 Unauthorized in 1ms (ActiveRecord: 0.0ms)


Started GET "/users/sign_in" for 133.218.78.233 at 2018-09-06 05:07:27 +0000
Cannot render console from 133.218.78.233! Allowed networks: 127.0.0.1, ::1, 127.0.0.0/127.255.255.255
Processing by Devise::SessionsController#new as HTML
  Rendering devise/sessions/new.html.erb within layouts/application
  Rendered devise/shared/_links.html.erb (0.9ms)
  Rendered devise/sessions/new.html.erb within layouts/application (3.7ms)
Completed 500 Internal Server Error in 487ms (ActiveRecord: 0.0ms)


  
ActionView::Template::Error (File to import not found or unreadable: devise_bootstrap_views.
Load paths:
  /home/ec2-user/environment/devise-sample/app/assets/config
  /home/ec2-user/environment/devise-sample/app/assets/images
  /home/ec2-user/environment/devise-sample/app/assets/javascripts
  /home/ec2-user/environment/devise-sample/app/assets/stylesheets
  /home/ec2-user/environment/devise-sample/vendor/assets/javascripts
  /home/ec2-user/environment/devise-sample/vendor/assets/stylesheets
  /usr/local/rvm/gems/ruby-2.4.1/gems/jquery-rails-4.3.3/vendor/assets/javascripts
  /usr/local/rvm/gems/ruby-2.4.1/gems/coffee-rails-4.2.2/lib/assets/javascripts
  /usr/local/rvm/gems/ruby-2.4.1/gems/actioncable-5.2.0/lib/assets/compiled
  /usr/local/rvm/gems/ruby-2.4.1/gems/activestorage-5.2.0/app/assets/javascripts
  /usr/local/rvm/gems/ruby-2.4.1/gems/actionview-5.2.0/lib/assets/compiled
  /usr/local/rvm/gems/ruby-2.4.1/gems/turbolinks-source-5.2.0/lib/assets/javascripts
  /usr/local/rvm/gems/ruby-2.4.1/gems/bootstrap-sass-3.3.7/assets/stylesheets
  /usr/local/rvm/gems/ruby-2.4.1/gems/bootstrap-sass-3.3.7/assets/javascripts
  /usr/local/rvm/gems/ruby-2.4.1/gems/bootstrap-sass-3.3.7/assets/fonts
  /usr/local/rvm/gems/ruby-2.4.1/gems/bootstrap-sass-3.3.7/assets/images
  /usr/local/rvm/gems/ruby-2.4.1/gems/bootstrap-sass-3.3.7/assets/stylesheets):
    4:     <title>RailsWebApp</title>
    5:     <%= csrf_meta_tags %>
    6: 
    7:     <%= stylesheet_link_tag    'application', media: 'all', 'data-turbolinks-track': 'reload' %>
    8:     <%= javascript_include_tag 'application', 'data-turbolinks-track': 'reload' %>
    9:   </head>
   10: 
  
app/assets/stylesheets/application.scss:19
app/views/layouts/application.html.erb:7:in `_app_views_layouts_application_html_erb__1996354930866520220_70042439927300'
Started GET "/" for 133.218.78.233 at 2018-09-06 05:07:39 +0000
Cannot render console from 133.218.78.233! Allowed networks: 127.0.0.1, ::1, 127.0.0.0/127.255.255.255
Processing by BooksController#index as HTML
Completed 401 Unauthorized in 1ms (ActiveRecord: 0.0ms)


Started GET "/users/sign_in" for 133.218.78.233 at 2018-09-06 05:07:39 +0000
Cannot render console from 133.218.78.233! Allowed networks: 127.0.0.1, ::1, 127.0.0.0/127.255.255.255
Processing by Devise::SessionsController#new as HTML
  Rendering devise/sessions/new.html.erb within layouts/application
  Rendered devise/shared/_links.html.erb (0.9ms)
  Rendered devise/sessions/new.html.erb within layouts/application (3.7ms)
Completed 500 Internal Server Error in 492ms (ActiveRecord: 0.0ms)


  
ActionView::Template::Error (File to import not found or unreadable: devise_bootstrap_views.
Load paths:
  /home/ec2-user/environment/devise-sample/app/assets/config
  /home/ec2-user/environment/devise-sample/app/assets/images
  /home/ec2-user/environment/devise-sample/app/assets/javascripts
  /home/ec2-user/environment/devise-sample/app/assets/stylesheets
  /home/ec2-user/environment/devise-sample/vendor/assets/javascripts
  /home/ec2-user/environment/devise-sample/vendor/assets/stylesheets
  /usr/local/rvm/gems/ruby-2.4.1/gems/jquery-rails-4.3.3/vendor/assets/javascripts
  /usr/local/rvm/gems/ruby-2.4.1/gems/coffee-rails-4.2.2/lib/assets/javascripts
  /usr/local/rvm/gems/ruby-2.4.1/gems/actioncable-5.2.0/lib/assets/compiled
  /usr/local/rvm/gems/ruby-2.4.1/gems/activestorage-5.2.0/app/assets/javascripts
  /usr/local/rvm/gems/ruby-2.4.1/gems/actionview-5.2.0/lib/assets/compiled
  /usr/local/rvm/gems/ruby-2.4.1/gems/turbolinks-source-5.2.0/lib/assets/javascripts
  /usr/local/rvm/gems/ruby-2.4.1/gems/bootstrap-sass-3.3.7/assets/stylesheets
  /usr/local/rvm/gems/ruby-2.4.1/gems/bootstrap-sass-3.3.7/assets/javascripts
  /usr/local/rvm/gems/ruby-2.4.1/gems/bootstrap-sass-3.3.7/assets/fonts
  /usr/local/rvm/gems/ruby-2.4.1/gems/bootstrap-sass-3.3.7/assets/images
  /usr/local/rvm/gems/ruby-2.4.1/gems/bootstrap-sass-3.3.7/assets/stylesheets):
    4:     <title>RailsWebApp</title>
    5:     <%= csrf_meta_tags %>
    6: 
    7:     <%= stylesheet_link_tag    'application', media: 'all', 'data-turbolinks-track': 'reload' %>
    8:     <%= javascript_include_tag 'application', 'data-turbolinks-track': 'reload' %>
    9:   </head>
   10: 
  
app/assets/stylesheets/application.scss:19
app/views/layouts/application.html.erb:7:in `_app_views_layouts_application_html_erb__1996354930866520220_70042438989360'
Started GET "/" for 133.218.78.233 at 2018-09-06 05:08:49 +0000
Cannot render console from 133.218.78.233! Allowed networks: 127.0.0.1, ::1, 127.0.0.0/127.255.255.255
Processing by BooksController#index as HTML
Completed 401 Unauthorized in 1ms (ActiveRecord: 0.0ms)


Started GET "/users/sign_in" for 133.218.78.233 at 2018-09-06 05:08:49 +0000
Cannot render console from 133.218.78.233! Allowed networks: 127.0.0.1, ::1, 127.0.0.0/127.255.255.255
Processing by Devise::SessionsController#new as HTML
  Rendering devise/sessions/new.html.erb within layouts/application
  Rendered devise/shared/_links.html.erb (0.9ms)
  Rendered devise/sessions/new.html.erb within layouts/application (3.7ms)
Completed 500 Internal Server Error in 464ms (ActiveRecord: 0.0ms)


  
ActionView::Template::Error (File to import not found or unreadable: devise_bootstrap_views.
Load paths:
  /home/ec2-user/environment/devise-sample/app/assets/config
  /home/ec2-user/environment/devise-sample/app/assets/images
  /home/ec2-user/environment/devise-sample/app/assets/javascripts
  /home/ec2-user/environment/devise-sample/app/assets/stylesheets
  /home/ec2-user/environment/devise-sample/vendor/assets/javascripts
  /home/ec2-user/environment/devise-sample/vendor/assets/stylesheets
  /usr/local/rvm/gems/ruby-2.4.1/gems/jquery-rails-4.3.3/vendor/assets/javascripts
  /usr/local/rvm/gems/ruby-2.4.1/gems/coffee-rails-4.2.2/lib/assets/javascripts
  /usr/local/rvm/gems/ruby-2.4.1/gems/actioncable-5.2.0/lib/assets/compiled
  /usr/local/rvm/gems/ruby-2.4.1/gems/activestorage-5.2.0/app/assets/javascripts
  /usr/local/rvm/gems/ruby-2.4.1/gems/actionview-5.2.0/lib/assets/compiled
  /usr/local/rvm/gems/ruby-2.4.1/gems/turbolinks-source-5.2.0/lib/assets/javascripts
  /usr/local/rvm/gems/ruby-2.4.1/gems/bootstrap-sass-3.3.7/assets/stylesheets
  /usr/local/rvm/gems/ruby-2.4.1/gems/bootstrap-sass-3.3.7/assets/javascripts
  /usr/local/rvm/gems/ruby-2.4.1/gems/bootstrap-sass-3.3.7/assets/fonts
  /usr/local/rvm/gems/ruby-2.4.1/gems/bootstrap-sass-3.3.7/assets/images
  /usr/local/rvm/gems/ruby-2.4.1/gems/bootstrap-sass-3.3.7/assets/stylesheets):
    4:     <title>RailsWebApp</title>
    5:     <%= csrf_meta_tags %>
    6: 
    7:     <%= stylesheet_link_tag    'application', media: 'all', 'data-turbolinks-track': 'reload' %>
    8:     <%= javascript_include_tag 'application', 'data-turbolinks-track': 'reload' %>
    9:   </head>
   10: 
  
app/assets/stylesheets/application.scss:19
app/views/layouts/application.html.erb:7:in `_app_views_layouts_application_html_erb__1996354930866520220_70042441473820'
Started GET "/" for 133.218.78.233 at 2018-09-06 05:09:31 +0000
Cannot render console from 133.218.78.233! Allowed networks: 127.0.0.1, ::1, 127.0.0.0/127.255.255.255
Processing by BooksController#index as HTML
Completed 401 Unauthorized in 1ms (ActiveRecord: 0.0ms)


Started GET "/users/sign_in" for 133.218.78.233 at 2018-09-06 05:09:31 +0000
Cannot render console from 133.218.78.233! Allowed networks: 127.0.0.1, ::1, 127.0.0.0/127.255.255.255
Processing by Devise::SessionsController#new as HTML
  Rendering devise/sessions/new.html.erb within layouts/application
  Rendered devise/shared/_links.html.erb (1.0ms)
  Rendered devise/sessions/new.html.erb within layouts/application (3.7ms)
Completed 500 Internal Server Error in 471ms (ActiveRecord: 0.0ms)


  
ActionView::Template::Error (File to import not found or unreadable: devise_bootstrap_views.
Load paths:
  /home/ec2-user/environment/devise-sample/app/assets/config
  /home/ec2-user/environment/devise-sample/app/assets/images
  /home/ec2-user/environment/devise-sample/app/assets/javascripts
  /home/ec2-user/environment/devise-sample/app/assets/stylesheets
  /home/ec2-user/environment/devise-sample/vendor/assets/javascripts
  /home/ec2-user/environment/devise-sample/vendor/assets/stylesheets
  /usr/local/rvm/gems/ruby-2.4.1/gems/jquery-rails-4.3.3/vendor/assets/javascripts
  /usr/local/rvm/gems/ruby-2.4.1/gems/coffee-rails-4.2.2/lib/assets/javascripts
  /usr/local/rvm/gems/ruby-2.4.1/gems/actioncable-5.2.0/lib/assets/compiled
  /usr/local/rvm/gems/ruby-2.4.1/gems/activestorage-5.2.0/app/assets/javascripts
  /usr/local/rvm/gems/ruby-2.4.1/gems/actionview-5.2.0/lib/assets/compiled
  /usr/local/rvm/gems/ruby-2.4.1/gems/turbolinks-source-5.2.0/lib/assets/javascripts
  /usr/local/rvm/gems/ruby-2.4.1/gems/bootstrap-sass-3.3.7/assets/stylesheets
  /usr/local/rvm/gems/ruby-2.4.1/gems/bootstrap-sass-3.3.7/assets/javascripts
  /usr/local/rvm/gems/ruby-2.4.1/gems/bootstrap-sass-3.3.7/assets/fonts
  /usr/local/rvm/gems/ruby-2.4.1/gems/bootstrap-sass-3.3.7/assets/images
  /usr/local/rvm/gems/ruby-2.4.1/gems/bootstrap-sass-3.3.7/assets/stylesheets):
    4:     <title>RailsWebApp</title>
    5:     <%= csrf_meta_tags %>
    6: 
    7:     <%= stylesheet_link_tag    'application', media: 'all', 'data-turbolinks-track': 'reload' %>
    8:     <%= javascript_include_tag 'application', 'data-turbolinks-track': 'reload' %>
    9:   </head>
   10: 
  
app/assets/stylesheets/application.scss:19
app/views/layouts/application.html.erb:7:in `_app_views_layouts_application_html_erb__1996354930866520220_70042398245340'
Started GET "/" for 133.218.78.233 at 2018-09-06 05:10:11 +0000
Cannot render console from 133.218.78.233! Allowed networks: 127.0.0.1, ::1, 127.0.0.0/127.255.255.255
Processing by BooksController#index as HTML
Completed 401 Unauthorized in 1ms (ActiveRecord: 0.0ms)


Started GET "/users/sign_in" for 133.218.78.233 at 2018-09-06 05:10:12 +0000
Cannot render console from 133.218.78.233! Allowed networks: 127.0.0.1, ::1, 127.0.0.0/127.255.255.255
Processing by Devise::SessionsController#new as HTML
  Rendering devise/sessions/new.html.erb within layouts/application
  Rendered devise/shared/_links.html.erb (1.0ms)
  Rendered devise/sessions/new.html.erb within layouts/application (3.9ms)
Completed 500 Internal Server Error in 495ms (ActiveRecord: 0.0ms)


  
ActionView::Template::Error (File to import not found or unreadable: devise_bootstrap_views.
Load paths:
  /home/ec2-user/environment/devise-sample/app/assets/config
  /home/ec2-user/environment/devise-sample/app/assets/images
  /home/ec2-user/environment/devise-sample/app/assets/javascripts
  /home/ec2-user/environment/devise-sample/app/assets/stylesheets
  /home/ec2-user/environment/devise-sample/vendor/assets/javascripts
  /home/ec2-user/environment/devise-sample/vendor/assets/stylesheets
  /usr/local/rvm/gems/ruby-2.4.1/gems/jquery-rails-4.3.3/vendor/assets/javascripts
  /usr/local/rvm/gems/ruby-2.4.1/gems/coffee-rails-4.2.2/lib/assets/javascripts
  /usr/local/rvm/gems/ruby-2.4.1/gems/actioncable-5.2.0/lib/assets/compiled
  /usr/local/rvm/gems/ruby-2.4.1/gems/activestorage-5.2.0/app/assets/javascripts
  /usr/local/rvm/gems/ruby-2.4.1/gems/actionview-5.2.0/lib/assets/compiled
  /usr/local/rvm/gems/ruby-2.4.1/gems/turbolinks-source-5.2.0/lib/assets/javascripts
  /usr/local/rvm/gems/ruby-2.4.1/gems/bootstrap-sass-3.3.7/assets/stylesheets
  /usr/local/rvm/gems/ruby-2.4.1/gems/bootstrap-sass-3.3.7/assets/javascripts
  /usr/local/rvm/gems/ruby-2.4.1/gems/bootstrap-sass-3.3.7/assets/fonts
  /usr/local/rvm/gems/ruby-2.4.1/gems/bootstrap-sass-3.3.7/assets/images
  /usr/local/rvm/gems/ruby-2.4.1/gems/bootstrap-sass-3.3.7/assets/stylesheets):
    4:     <title>RailsWebApp</title>
    5:     <%= csrf_meta_tags %>
    6: 
    7:     <%= stylesheet_link_tag    'application', media: 'all', 'data-turbolinks-track': 'reload' %>
    8:     <%= javascript_include_tag 'application', 'data-turbolinks-track': 'reload' %>
    9:   </head>
   10: 
  
app/assets/stylesheets/application.scss:19
app/views/layouts/application.html.erb:7:in `_app_views_layouts_application_html_erb__1996354930866520220_70042398612300'
Started GET "/" for 133.218.78.233 at 2018-09-06 05:10:21 +0000
Cannot render console from 133.218.78.233! Allowed networks: 127.0.0.1, ::1, 127.0.0.0/127.255.255.255
Processing by BooksController#index as HTML
Completed 401 Unauthorized in 1ms (ActiveRecord: 0.0ms)


Started GET "/users/sign_in" for 133.218.78.233 at 2018-09-06 05:10:21 +0000
Cannot render console from 133.218.78.233! Allowed networks: 127.0.0.1, ::1, 127.0.0.0/127.255.255.255
Processing by Devise::SessionsController#new as HTML
  Rendering devise/sessions/new.html.erb within layouts/application
  Rendered devise/shared/_links.html.erb (1.1ms)
  Rendered devise/sessions/new.html.erb within layouts/application (3.9ms)
Completed 500 Internal Server Error in 466ms (ActiveRecord: 0.0ms)


  
ActionView::Template::Error (File to import not found or unreadable: devise_bootstrap_views.
Load paths:
  /home/ec2-user/environment/devise-sample/app/assets/config
  /home/ec2-user/environment/devise-sample/app/assets/images
  /home/ec2-user/environment/devise-sample/app/assets/javascripts
  /home/ec2-user/environment/devise-sample/app/assets/stylesheets
  /home/ec2-user/environment/devise-sample/vendor/assets/javascripts
  /home/ec2-user/environment/devise-sample/vendor/assets/stylesheets
  /usr/local/rvm/gems/ruby-2.4.1/gems/jquery-rails-4.3.3/vendor/assets/javascripts
  /usr/local/rvm/gems/ruby-2.4.1/gems/coffee-rails-4.2.2/lib/assets/javascripts
  /usr/local/rvm/gems/ruby-2.4.1/gems/actioncable-5.2.0/lib/assets/compiled
  /usr/local/rvm/gems/ruby-2.4.1/gems/activestorage-5.2.0/app/assets/javascripts
  /usr/local/rvm/gems/ruby-2.4.1/gems/actionview-5.2.0/lib/assets/compiled
  /usr/local/rvm/gems/ruby-2.4.1/gems/turbolinks-source-5.2.0/lib/assets/javascripts
  /usr/local/rvm/gems/ruby-2.4.1/gems/bootstrap-sass-3.3.7/assets/stylesheets
  /usr/local/rvm/gems/ruby-2.4.1/gems/bootstrap-sass-3.3.7/assets/javascripts
  /usr/local/rvm/gems/ruby-2.4.1/gems/bootstrap-sass-3.3.7/assets/fonts
  /usr/local/rvm/gems/ruby-2.4.1/gems/bootstrap-sass-3.3.7/assets/images
  /usr/local/rvm/gems/ruby-2.4.1/gems/bootstrap-sass-3.3.7/assets/stylesheets):
    4:     <title>RailsWebApp</title>
    5:     <%= csrf_meta_tags %>
    6: 
    7:     <%= stylesheet_link_tag    'application', media: 'all', 'data-turbolinks-track': 'reload' %>
    8:     <%= javascript_include_tag 'application', 'data-turbolinks-track': 'reload' %>
    9:   </head>
   10: 
  
app/assets/stylesheets/application.scss:19
app/views/layouts/application.html.erb:7:in `_app_views_layouts_application_html_erb__1996354930866520220_70042394634740'
Started GET "/" for 133.218.78.233 at 2018-09-06 05:16:51 +0000
Cannot render console from 133.218.78.233! Allowed networks: 127.0.0.1, ::1, 127.0.0.0/127.255.255.255
Processing by BooksController#index as HTML
Completed 401 Unauthorized in 1ms (ActiveRecord: 0.0ms)


Started GET "/users/sign_in" for 133.218.78.233 at 2018-09-06 05:16:51 +0000
Cannot render console from 133.218.78.233! Allowed networks: 127.0.0.1, ::1, 127.0.0.0/127.255.255.255
Processing by Devise::SessionsController#new as HTML
  Rendering devise/sessions/new.html.erb within layouts/application
  Rendered devise/shared/_links.html.erb (1.1ms)
  Rendered devise/sessions/new.html.erb within layouts/application (3.9ms)
Completed 500 Internal Server Error in 20ms (ActiveRecord: 0.0ms)


  
ActionView::Template::Error (Invalid CSS after "...trap-sprockets"": expected "{", was ";"):
    4:     <title>RailsWebApp</title>
    5:     <%= csrf_meta_tags %>
    6: 
    7:     <%= stylesheet_link_tag    'application', media: 'all', 'data-turbolinks-track': 'reload' %>
    8:     <%= javascript_include_tag 'application', 'data-turbolinks-track': 'reload' %>
    9:   </head>
   10: 
  
app/assets/stylesheets/application.scss:17
app/views/layouts/application.html.erb:7:in `_app_views_layouts_application_html_erb__1996354930866520220_70042401745460'
Started GET "/" for 133.218.78.233 at 2018-09-06 05:17:36 +0000
Cannot render console from 133.218.78.233! Allowed networks: 127.0.0.1, ::1, 127.0.0.0/127.255.255.255
Processing by BooksController#index as HTML
Completed 401 Unauthorized in 1ms (ActiveRecord: 0.0ms)


Started GET "/users/sign_in" for 133.218.78.233 at 2018-09-06 05:17:36 +0000
Cannot render console from 133.218.78.233! Allowed networks: 127.0.0.1, ::1, 127.0.0.0/127.255.255.255
Processing by Devise::SessionsController#new as HTML
  Rendering devise/sessions/new.html.erb within layouts/application
  Rendered devise/shared/_links.html.erb (0.9ms)
  Rendered devise/sessions/new.html.erb within layouts/application (3.7ms)
Completed 500 Internal Server Error in 458ms (ActiveRecord: 0.0ms)


  
ActionView::Template::Error (File to import not found or unreadable: devise_bootstrap_views.
Load paths:
  /home/ec2-user/environment/devise-sample/app/assets/config
  /home/ec2-user/environment/devise-sample/app/assets/images
  /home/ec2-user/environment/devise-sample/app/assets/javascripts
  /home/ec2-user/environment/devise-sample/app/assets/stylesheets
  /home/ec2-user/environment/devise-sample/vendor/assets/javascripts
  /home/ec2-user/environment/devise-sample/vendor/assets/stylesheets
  /usr/local/rvm/gems/ruby-2.4.1/gems/jquery-rails-4.3.3/vendor/assets/javascripts
  /usr/local/rvm/gems/ruby-2.4.1/gems/coffee-rails-4.2.2/lib/assets/javascripts
  /usr/local/rvm/gems/ruby-2.4.1/gems/actioncable-5.2.0/lib/assets/compiled
  /usr/local/rvm/gems/ruby-2.4.1/gems/activestorage-5.2.0/app/assets/javascripts
  /usr/local/rvm/gems/ruby-2.4.1/gems/actionview-5.2.0/lib/assets/compiled
  /usr/local/rvm/gems/ruby-2.4.1/gems/turbolinks-source-5.2.0/lib/assets/javascripts
  /usr/local/rvm/gems/ruby-2.4.1/gems/bootstrap-sass-3.3.7/assets/stylesheets
  /usr/local/rvm/gems/ruby-2.4.1/gems/bootstrap-sass-3.3.7/assets/javascripts
  /usr/local/rvm/gems/ruby-2.4.1/gems/bootstrap-sass-3.3.7/assets/fonts
  /usr/local/rvm/gems/ruby-2.4.1/gems/bootstrap-sass-3.3.7/assets/images
  /usr/local/rvm/gems/ruby-2.4.1/gems/bootstrap-sass-3.3.7/assets/stylesheets):
    4:     <title>RailsWebApp</title>
    5:     <%= csrf_meta_tags %>
    6: 
    7:     <%= stylesheet_link_tag    'application', media: 'all', 'data-turbolinks-track': 'reload' %>
    8:     <%= javascript_include_tag 'application', 'data-turbolinks-track': 'reload' %>
    9:   </head>
   10: 
  
app/assets/stylesheets/application.scss:19
app/views/layouts/application.html.erb:7:in `_app_views_layouts_application_html_erb__1996354930866520220_70042441553840'
Started GET "/" for 133.218.78.233 at 2018-09-06 05:18:04 +0000
Cannot render console from 133.218.78.233! Allowed networks: 127.0.0.1, ::1, 127.0.0.0/127.255.255.255
Processing by BooksController#index as HTML
Completed 401 Unauthorized in 1ms (ActiveRecord: 0.0ms)


Started GET "/users/sign_in" for 133.218.78.233 at 2018-09-06 05:18:04 +0000
Cannot render console from 133.218.78.233! Allowed networks: 127.0.0.1, ::1, 127.0.0.0/127.255.255.255
Processing by Devise::SessionsController#new as HTML
  Rendering devise/sessions/new.html.erb within layouts/application
  Rendered devise/shared/_links.html.erb (1.0ms)
  Rendered devise/sessions/new.html.erb within layouts/application (3.8ms)
Completed 500 Internal Server Error in 477ms (ActiveRecord: 0.0ms)


  
ActionView::Template::Error (File to import not found or unreadable: devise_bootstrap_views.
Load paths:
  /home/ec2-user/environment/devise-sample/app/assets/config
  /home/ec2-user/environment/devise-sample/app/assets/images
  /home/ec2-user/environment/devise-sample/app/assets/javascripts
  /home/ec2-user/environment/devise-sample/app/assets/stylesheets
  /home/ec2-user/environment/devise-sample/vendor/assets/javascripts
  /home/ec2-user/environment/devise-sample/vendor/assets/stylesheets
  /usr/local/rvm/gems/ruby-2.4.1/gems/jquery-rails-4.3.3/vendor/assets/javascripts
  /usr/local/rvm/gems/ruby-2.4.1/gems/coffee-rails-4.2.2/lib/assets/javascripts
  /usr/local/rvm/gems/ruby-2.4.1/gems/actioncable-5.2.0/lib/assets/compiled
  /usr/local/rvm/gems/ruby-2.4.1/gems/activestorage-5.2.0/app/assets/javascripts
  /usr/local/rvm/gems/ruby-2.4.1/gems/actionview-5.2.0/lib/assets/compiled
  /usr/local/rvm/gems/ruby-2.4.1/gems/turbolinks-source-5.2.0/lib/assets/javascripts
  /usr/local/rvm/gems/ruby-2.4.1/gems/bootstrap-sass-3.3.7/assets/stylesheets
  /usr/local/rvm/gems/ruby-2.4.1/gems/bootstrap-sass-3.3.7/assets/javascripts
  /usr/local/rvm/gems/ruby-2.4.1/gems/bootstrap-sass-3.3.7/assets/fonts
  /usr/local/rvm/gems/ruby-2.4.1/gems/bootstrap-sass-3.3.7/assets/images
  /usr/local/rvm/gems/ruby-2.4.1/gems/bootstrap-sass-3.3.7/assets/stylesheets):
    4:     <title>RailsWebApp</title>
    5:     <%= csrf_meta_tags %>
    6: 
    7:     <%= stylesheet_link_tag    'application', media: 'all', 'data-turbolinks-track': 'reload' %>
    8:     <%= javascript_include_tag 'application', 'data-turbolinks-track': 'reload' %>
    9:   </head>
   10: 
  
app/assets/stylesheets/application.scss:19
app/views/layouts/application.html.erb:7:in `_app_views_layouts_application_html_erb__1996354930866520220_70042370620180'
Started GET "/" for 133.218.78.233 at 2018-09-06 05:18:40 +0000
Cannot render console from 133.218.78.233! Allowed networks: 127.0.0.1, ::1, 127.0.0.0/127.255.255.255
Processing by BooksController#index as HTML
Completed 401 Unauthorized in 1ms (ActiveRecord: 0.0ms)


Started GET "/users/sign_in" for 133.218.78.233 at 2018-09-06 05:18:40 +0000
Cannot render console from 133.218.78.233! Allowed networks: 127.0.0.1, ::1, 127.0.0.0/127.255.255.255
Processing by Devise::SessionsController#new as HTML
  Rendering devise/sessions/new.html.erb within layouts/application
  Rendered devise/shared/_links.html.erb (0.9ms)
  Rendered devise/sessions/new.html.erb within layouts/application (3.7ms)
Completed 200 OK in 228ms (Views: 226.7ms | ActiveRecord: 0.0ms)


Started GET "/" for 133.218.78.233 at 2018-09-06 05:18:44 +0000
Cannot render console from 133.218.78.233! Allowed networks: 127.0.0.1, ::1, 127.0.0.0/127.255.255.255
Processing by BooksController#index as HTML
Completed 401 Unauthorized in 1ms (ActiveRecord: 0.0ms)


Started GET "/users/sign_in" for 133.218.78.233 at 2018-09-06 05:18:44 +0000
Cannot render console from 133.218.78.233! Allowed networks: 127.0.0.1, ::1, 127.0.0.0/127.255.255.255
Processing by Devise::SessionsController#new as HTML
  Rendering devise/sessions/new.html.erb within layouts/application
  Rendered devise/shared/_links.html.erb (0.9ms)
  Rendered devise/sessions/new.html.erb within layouts/application (3.7ms)
Completed 200 OK in 24ms (Views: 21.6ms | ActiveRecord: 0.0ms)


Started POST "/users/sign_in" for 133.218.78.233 at 2018-09-06 05:20:10 +0000
Cannot render console from 133.218.78.233! Allowed networks: 127.0.0.1, ::1, 127.0.0.0/127.255.255.255
Processing by Devise::SessionsController#create as HTML
  Parameters: {"utf8"=>"✓", "authenticity_token"=>"rheXig4I5ZymDln43jCDW0IZI/BjRsrzEB4dej8erIxP0tkT3lU6kby/ikuN7/gQYx9aeQexMWJlvSS23K4gzQ==", "user"=>{"email"=>"xxx@yahoo.co.jp", "password"=>"[FILTERED]", "remember_me"=>"1"}, "commit"=>"Sign in"}
  [1m[36mUser Load (0.2ms)[0m  [1m[34mSELECT  "users".* FROM "users" WHERE "users"."email" = ? ORDER BY "users"."id" ASC LIMIT ?[0m  [["email", "xxx@yahoo.co.jp"], ["LIMIT", 1]]
Completed 401 Unauthorized in 4ms (ActiveRecord: 0.2ms)


Processing by Devise::SessionsController#new as HTML
  Parameters: {"utf8"=>"✓", "authenticity_token"=>"rheXig4I5ZymDln43jCDW0IZI/BjRsrzEB4dej8erIxP0tkT3lU6kby/ikuN7/gQYx9aeQexMWJlvSS23K4gzQ==", "user"=>{"email"=>"xxx@yahoo.co.jp", "password"=>"[FILTERED]", "remember_me"=>"1"}, "commit"=>"Sign in"}
  Rendering devise/sessions/new.html.erb within layouts/application
  Rendered devise/shared/_links.html.erb (0.9ms)
  Rendered devise/sessions/new.html.erb within layouts/application (4.0ms)
Completed 200 OK in 178ms (Views: 21.4ms | ActiveRecord: 0.0ms)


Started GET "/users/password/new" for 133.218.78.233 at 2018-09-06 05:20:19 +0000
Cannot render console from 133.218.78.233! Allowed networks: 127.0.0.1, ::1, 127.0.0.0/127.255.255.255
Processing by Devise::PasswordsController#new as HTML
  Rendering devise/passwords/new.html.erb within layouts/application
  Rendered devise/shared/_links.html.erb (1.1ms)
  Rendered devise/passwords/new.html.erb within layouts/application (3.5ms)
Completed 200 OK in 23ms (Views: 21.2ms | ActiveRecord: 0.0ms)


Started GET "/" for 133.218.78.233 at 2018-09-06 05:20:35 +0000
Cannot render console from 133.218.78.233! Allowed networks: 127.0.0.1, ::1, 127.0.0.0/127.255.255.255
Processing by BooksController#index as HTML
Completed 401 Unauthorized in 1ms (ActiveRecord: 0.0ms)


Started GET "/users/sign_in" for 133.218.78.233 at 2018-09-06 05:20:35 +0000
Cannot render console from 133.218.78.233! Allowed networks: 127.0.0.1, ::1, 127.0.0.0/127.255.255.255
Processing by Devise::SessionsController#new as HTML
  Rendering devise/sessions/new.html.erb within layouts/application
  Rendered devise/shared/_links.html.erb (1.0ms)
  Rendered devise/sessions/new.html.erb within layouts/application (3.9ms)
Completed 200 OK in 23ms (Views: 21.7ms | ActiveRecord: 0.0ms)


Started GET "/" for 133.218.78.233 at 2018-09-06 05:20:39 +0000
Cannot render console from 133.218.78.233! Allowed networks: 127.0.0.1, ::1, 127.0.0.0/127.255.255.255
Processing by BooksController#index as HTML
Completed 401 Unauthorized in 1ms (ActiveRecord: 0.0ms)


Started GET "/users/sign_in" for 133.218.78.233 at 2018-09-06 05:20:39 +0000
Cannot render console from 133.218.78.233! Allowed networks: 127.0.0.1, ::1, 127.0.0.0/127.255.255.255
Processing by Devise::SessionsController#new as HTML
  Rendering devise/sessions/new.html.erb within layouts/application
  Rendered devise/shared/_links.html.erb (1.0ms)
  Rendered devise/sessions/new.html.erb within layouts/application (3.8ms)
Completed 200 OK in 23ms (Views: 21.5ms | ActiveRecord: 0.0ms)


DEPRECATION WARNING: Leaving `ActiveRecord::ConnectionAdapters::SQLite3Adapter.represent_boolean_as_integer`
set to false is deprecated. SQLite databases have used 't' and 'f' to serialize
boolean values and must have old data converted to 1 and 0 (its native boolean
serialization) before setting this flag to true. Conversion can be accomplished
by setting up a rake task which runs

  ExampleModel.where("boolean_column = 't'").update_all(boolean_column: 1)
  ExampleModel.where("boolean_column = 'f'").update_all(boolean_column: 0)

for all models and all boolean columns, after which the flag must be set to
true by adding the following to your application.rb file:

  Rails.application.config.active_record.sqlite3.represent_boolean_as_integer = true
 (called from <top (required)> at /home/ec2-user/environment/devise-sample/app/models/application_record.rb:1)
Started GET "/" for 133.218.78.233 at 2018-09-06 05:24:17 +0000
Cannot render console from 133.218.78.233! Allowed networks: 127.0.0.1, ::1, 127.0.0.0/127.255.255.255
  [1m[35m (0.1ms)[0m  [1m[34mSELECT "schema_migrations"."version" FROM "schema_migrations" ORDER BY "schema_migrations"."version" ASC[0m
Processing by BooksController#index as HTML
Completed 401 Unauthorized in 10ms (ActiveRecord: 0.0ms)


Started GET "/users/sign_in" for 133.218.78.233 at 2018-09-06 05:24:17 +0000
Cannot render console from 133.218.78.233! Allowed networks: 127.0.0.1, ::1, 127.0.0.0/127.255.255.255
Processing by Devise::SessionsController#new as HTML
  Rendering devise/sessions/new.html.erb within layouts/application
  Rendered devise/shared/_links.html.erb (1.3ms)
  Rendered devise/sessions/new.html.erb within layouts/application (10.3ms)
Completed 200 OK in 204ms (Views: 193.9ms | ActiveRecord: 0.7ms)


Started GET "/" for 133.218.78.233 at 2018-09-06 05:24:20 +0000
Cannot render console from 133.218.78.233! Allowed networks: 127.0.0.1, ::1, 127.0.0.0/127.255.255.255
Processing by BooksController#index as HTML
Completed 401 Unauthorized in 1ms (ActiveRecord: 0.0ms)


Started GET "/users/sign_in" for 133.218.78.233 at 2018-09-06 05:24:20 +0000
Cannot render console from 133.218.78.233! Allowed networks: 127.0.0.1, ::1, 127.0.0.0/127.255.255.255
Processing by Devise::SessionsController#new as HTML
  Rendering devise/sessions/new.html.erb within layouts/application
  Rendered devise/shared/_links.html.erb (0.9ms)
  Rendered devise/sessions/new.html.erb within layouts/application (3.8ms)
Completed 200 OK in 23ms (Views: 21.5ms | ActiveRecord: 0.0ms)


DEPRECATION WARNING: Leaving `ActiveRecord::ConnectionAdapters::SQLite3Adapter.represent_boolean_as_integer`
set to false is deprecated. SQLite databases have used 't' and 'f' to serialize
boolean values and must have old data converted to 1 and 0 (its native boolean
serialization) before setting this flag to true. Conversion can be accomplished
by setting up a rake task which runs

  ExampleModel.where("boolean_column = 't'").update_all(boolean_column: 1)
  ExampleModel.where("boolean_column = 'f'").update_all(boolean_column: 0)

for all models and all boolean columns, after which the flag must be set to
true by adding the following to your application.rb file:

  Rails.application.config.active_record.sqlite3.represent_boolean_as_integer = true
 (called from <top (required)> at /home/ec2-user/environment/devise-sample/app/models/application_record.rb:1)
Started GET "/" for 133.218.78.233 at 2018-09-08 00:18:29 +0000
Cannot render console from 133.218.78.233! Allowed networks: 127.0.0.1, ::1, 127.0.0.0/127.255.255.255
  [1m[35m (0.1ms)[0m  [1m[34mSELECT "schema_migrations"."version" FROM "schema_migrations" ORDER BY "schema_migrations"."version" ASC[0m
Processing by BooksController#index as HTML
Completed 401 Unauthorized in 11ms (ActiveRecord: 0.0ms)


Started GET "/users/sign_in" for 133.218.78.233 at 2018-09-08 00:18:29 +0000
Cannot render console from 133.218.78.233! Allowed networks: 127.0.0.1, ::1, 127.0.0.0/127.255.255.255
Processing by Devise::SessionsController#new as HTML
  Rendering devise/sessions/new.html.erb within layouts/application
  Rendered devise/shared/_links.html.erb (1.5ms)
  Rendered devise/sessions/new.html.erb within layouts/application (20.5ms)
Completed 200 OK in 278ms (Views: 266.3ms | ActiveRecord: 0.7ms)


Started GET "/" for 133.218.78.233 at 2018-09-08 00:18:34 +0000
Cannot render console from 133.218.78.233! Allowed networks: 127.0.0.1, ::1, 127.0.0.0/127.255.255.255
Processing by BooksController#index as HTML
Completed 401 Unauthorized in 1ms (ActiveRecord: 0.0ms)


Started GET "/users/sign_in" for 133.218.78.233 at 2018-09-08 00:18:35 +0000
Cannot render console from 133.218.78.233! Allowed networks: 127.0.0.1, ::1, 127.0.0.0/127.255.255.255
Processing by Devise::SessionsController#new as HTML
  Rendering devise/sessions/new.html.erb within layouts/application
  Rendered devise/shared/_links.html.erb (1.2ms)
  Rendered devise/sessions/new.html.erb within layouts/application (4.3ms)
Completed 200 OK in 37ms (Views: 35.1ms | ActiveRecord: 0.0ms)


DEPRECATION WARNING: Leaving `ActiveRecord::ConnectionAdapters::SQLite3Adapter.represent_boolean_as_integer`
set to false is deprecated. SQLite databases have used 't' and 'f' to serialize
boolean values and must have old data converted to 1 and 0 (its native boolean
serialization) before setting this flag to true. Conversion can be accomplished
by setting up a rake task which runs

  ExampleModel.where("boolean_column = 't'").update_all(boolean_column: 1)
  ExampleModel.where("boolean_column = 'f'").update_all(boolean_column: 0)

for all models and all boolean columns, after which the flag must be set to
true by adding the following to your application.rb file:

  Rails.application.config.active_record.sqlite3.represent_boolean_as_integer = true
 (called from <top (required)> at /home/ec2-user/environment/devise-sample/app/models/application_record.rb:1)
Started GET "/" for 133.218.78.233 at 2018-09-20 00:39:52 +0000
Cannot render console from 133.218.78.233! Allowed networks: 127.0.0.1, ::1, 127.0.0.0/127.255.255.255
  [1m[35m (0.1ms)[0m  [1m[34mSELECT "schema_migrations"."version" FROM "schema_migrations" ORDER BY "schema_migrations"."version" ASC[0m
Processing by BooksController#index as HTML
Completed 401 Unauthorized in 11ms (ActiveRecord: 0.0ms)


Started GET "/users/sign_in" for 133.218.78.233 at 2018-09-20 00:39:52 +0000
Cannot render console from 133.218.78.233! Allowed networks: 127.0.0.1, ::1, 127.0.0.0/127.255.255.255
Processing by Devise::SessionsController#new as HTML
  Rendering devise/sessions/new.html.erb within layouts/application
  Rendered devise/shared/_links.html.erb (1.4ms)
  Rendered devise/sessions/new.html.erb within layouts/application (17.8ms)
Completed 200 OK in 261ms (Views: 250.7ms | ActiveRecord: 0.7ms)


Started GET "/" for 133.218.78.233 at 2018-09-20 00:39:56 +0000
Cannot render console from 133.218.78.233! Allowed networks: 127.0.0.1, ::1, 127.0.0.0/127.255.255.255
Processing by BooksController#index as HTML
Completed 401 Unauthorized in 1ms (ActiveRecord: 0.0ms)


Started GET "/users/sign_in" for 133.218.78.233 at 2018-09-20 00:39:56 +0000
Cannot render console from 133.218.78.233! Allowed networks: 127.0.0.1, ::1, 127.0.0.0/127.255.255.255
Processing by Devise::SessionsController#new as HTML
  Rendering devise/sessions/new.html.erb within layouts/application
  Rendered devise/shared/_links.html.erb (0.9ms)
  Rendered devise/sessions/new.html.erb within layouts/application (3.8ms)
Completed 200 OK in 23ms (Views: 21.5ms | ActiveRecord: 0.0ms)


